<?xml version="1.0" encoding="UTF-8"?>
<!-- Generated by org.testng.reporters.JUnitReportReporter -->
<testsuite hostname="Mys-MacBook-Air.local" failures="0" tests="1" name="info.aripov.selenium.CostOfSalesTest" time="0.000" errors="0" timestamp="09 Jul 2019 07:55:51 GMT" skipped="0">
  <testcase classname="info.aripov.selenium.CostOfSalesTest" name="BTest2" time="0.000"/>
</testsuite> <!-- info.aripov.selenium.CostOfSalesTest -->
