<?xml version="1.0" encoding="UTF-8"?>
<!-- Generated by org.testng.reporters.JUnitReportReporter -->
<testsuite hostname="Mys-MacBook-Air.local" failures="0" tests="1" name="info.aripov.selenium.RevenueTest" time="0.009" errors="0" timestamp="09 Jul 2019 07:55:51 GMT" skipped="0">
  <testcase classname="info.aripov.selenium.RevenueTest" name="Test1" time="0.009"/>
</testsuite> <!-- info.aripov.selenium.RevenueTest -->
